2025-06-06 09:02:30,381 - app.agents.blue_hat - ERROR - ideation 流程执行失败: 1 validation error for AgentOutput
result
  Input should be a valid string [type=string_type, input_value={}, input_type=dict]
    For further information visit https://errors.pydantic.dev/2.10/v/string_type
Traceback (most recent call last):
  File "/Users/anker/Tongji(local)/idvx/Ideation_code/app/agents/blue_hat.py", line 51, in run
    return AgentOutput(
  File "/Users/anker/opt/anaconda3/envs/metaphor-vis-env/lib/python3.9/site-packages/pydantic/main.py", line 214, in __init__
    validated_self = self.__pydantic_validator__.validate_python(data, self_instance=self)
pydantic_core._pydantic_core.ValidationError: 1 validation error for AgentOutput
result
  Input should be a valid string [type=string_type, input_value={}, input_type=dict]
    For further information visit https://errors.pydantic.dev/2.10/v/string_type
2025-06-06 09:02:30,387 - app.services.ideation_api - ERROR - 创意生成失败: 1 validation error for AgentOutput
result
  Input should be a valid string [type=string_type, input_value={}, input_type=dict]
    For further information visit https://errors.pydantic.dev/2.10/v/string_type
Traceback (most recent call last):
  File "/Users/anker/Tongji(local)/idvx/Ideation_code/app/services/ideation_api.py", line 27, in generate_ideation
    result = await ideation_chain.run(
  File "/Users/anker/Tongji(local)/idvx/Ideation_code/app/chains/ideation_chain.py", line 25, in run
    result = await self.blue_hat.run(input_data)
  File "/Users/anker/Tongji(local)/idvx/Ideation_code/app/agents/blue_hat.py", line 51, in run
    return AgentOutput(
  File "/Users/anker/opt/anaconda3/envs/metaphor-vis-env/lib/python3.9/site-packages/pydantic/main.py", line 214, in __init__
    validated_self = self.__pydantic_validator__.validate_python(data, self_instance=self)
pydantic_core._pydantic_core.ValidationError: 1 validation error for AgentOutput
result
  Input should be a valid string [type=string_type, input_value={}, input_type=dict]
    For further information visit https://errors.pydantic.dev/2.10/v/string_type
